<?xml version="1.0" encoding="UTF-8" ?>
<testsuite failures="0" time="0.143" errors="0" skipped="0" tests="4" name="com.tiago.portal.bind.data.RequestTest">
  <properties>
[...]
</properties>
  <testcase time="0.01" classname="com.tiago.portal.bind.data.RequestTest" name="testRequestContext"/>
  <testcase time="0.002" classname="com.tiago.portal.bind.data.RequestTest" name="testObjectMapper"/>
  <testcase time="0.002" classname="com.tiago.portal.bind.data.RequestTest" name="testJsonConverter"/>
  <testcase time="0.122" classname="com.tiago.portal.bind.data.RequestTest" name="testRequestConvert"/>
</testsuite>